<?xml version="1.0" encoding="UTF-8" standalone="yes"?>
<testsuites name="Data Driven Test Suite" time="117" tests="2" failures="0" errors="0">
    <testsuite name="Data Driven Test Suite" tests="2" failures="0" errors="0" time="117" timestamp="2019-10-03 21:32:07" hostname="BaPpY - 192.168.0.108" id="Test Suites/Material Info/Data Driven Test Suite">
        <properties>
            <property name="deviceName" value="emulator-5554 (Android SDK built for x86 - Android 7.1.1)"/>
            <property name="devicePlatform" value=""/>
            <property name="logFolder" value="G:\\Katalon Studio\\Katalon Workspace\\Example Project Mobile Recording\\Example Project Mobile Recordings\\Reports\\20191003_213136\\Material Info\\Data Driven Test Suite\\20191003_213136"/>
            <property name="logFiles" value="G:\\Katalon Studio\\Katalon Workspace\\Example Project Mobile Recording\\Example Project Mobile Recordings\\Reports\\20191003_213136\\Material Info\\Data Driven Test Suite\\20191003_213136\\appium.log, G:\\Katalon Studio\\Katalon Workspace\\Example Project Mobile Recording\\Example Project Mobile Recordings\\Reports\\20191003_213136\\Material Info\\Data Driven Test Suite\\20191003_213136\\execution0.log"/>
            <property name="attachments" value=""/>
            <property name="hostName" value="BaPpY - 192.168.0.108"/>
            <property name="os" value="Windows 10 64bit"/>
            <property name="appiumServerStatus" value="{\&quot;status\&quot;:0,\&quot;value\&quot;:{\&quot;build\&quot;:{\&quot;version\&quot;:\&quot;1.12.1\&quot;}},\&quot;sessionId\&quot;:null}"/>
            <property name="katalonVersion" value="6.3.3.11"/>
            <property name="deviceOS" value="Android"/>
            <property name="appiumVersion" value="1.12.1"/>
            <property name="deviceModel" value="Android SDK built for x86"/>
            <property name="hostAddress" value="192.168.0.108"/>
            <property name="deviceManufacturer" value="Google"/>
            <property name="deviceId" value="emulator-5554"/>
            <property name="deviceName" value="emulator-5554 (Android SDK built for x86 - Android 7.1.1)"/>
            <property name="deviceOSVersion" value="7.1.1"/>
        </properties>
        <testcase name="Test Cases/Mobile Recordings/User Login Test Case" classname="Test Cases/Mobile Recordings/User Login Test Case" status="PASSED">
            <system-out>2019-10-03 21:32:08 - [TEST_CASE][PASSED] - Test Cases/Mobile Recordings/User Login Test Case: Test Cases/Mobile Recordings/User Login Test Case&#xD;
&#xD;
2019-10-03 21:32:08 - [TEST_STEP][PASSED] - startApplication("G:\coding necessary items\Some APK\MaterialLoginExample.apk", true): Started app at: 'G:\coding necessary items\Some APK\MaterialLoginExample.apk'&#xD;
&#xD;
2019-10-03 21:32:38 - [MESSAGE][INFO] - Appium server started on port 53,138&#xD;
&#xD;
2019-10-03 21:33:13 - [MESSAGE][PASSED] - Started app at: 'G:\coding necessary items\Some APK\MaterialLoginExample.apk'&#xD;
&#xD;
2019-10-03 21:33:13 - [TEST_STEP][PASSED] - setText(findTestObject("Material Login/android.widget.EditText0"), uEmail, 0): Text 'user@email.com' has been set to element 'Object Repository/Material Login/android.widget.EditText0'&#xD;
&#xD;
2019-10-03 21:33:13 - [MESSAGE][WARNING] - Timeout '0' is invalid. Using default page load timeout: '30'&#xD;
&#xD;
2019-10-03 21:33:14 - [MESSAGE][PASSED] - Text 'user@email.com' has been set to element 'Object Repository/Material Login/android.widget.EditText0'&#xD;
&#xD;
2019-10-03 21:33:14 - [TEST_STEP][PASSED] - setText(findTestObject("Material Login/android.widget.EditText0 (1)"), uPassword, 0): Text 'user123' has been set to element 'Object Repository/Material Login/android.widget.EditText0 (1)'&#xD;
&#xD;
2019-10-03 21:33:14 - [MESSAGE][WARNING] - Timeout '0' is invalid. Using default page load timeout: '30'&#xD;
&#xD;
2019-10-03 21:33:15 - [MESSAGE][PASSED] - Text 'user123' has been set to element 'Object Repository/Material Login/android.widget.EditText0 (1)'&#xD;
&#xD;
2019-10-03 21:33:15 - [TEST_STEP][PASSED] - tap(findTestObject("Material Login/android.widget.Button0 - LOGIN"), 0): Tapped on element 'Object Repository/Material Login/android.widget.Button0 - LOGIN'&#xD;
&#xD;
2019-10-03 21:33:15 - [MESSAGE][WARNING] - Timeout '0' is invalid. Using default page load timeout: '30'&#xD;
&#xD;
2019-10-03 21:33:18 - [MESSAGE][PASSED] - Tapped on element 'Object Repository/Material Login/android.widget.Button0 - LOGIN'&#xD;
&#xD;
2019-10-03 21:33:18 - [TEST_STEP][PASSED] - tap(findTestObject("Material Login/android.widget.ImageView0"), 0): Tapped on element 'Object Repository/Material Login/android.widget.ImageView0'&#xD;
&#xD;
2019-10-03 21:33:18 - [MESSAGE][WARNING] - Timeout '0' is invalid. Using default page load timeout: '30'&#xD;
&#xD;
2019-10-03 21:33:19 - [MESSAGE][PASSED] - Tapped on element 'Object Repository/Material Login/android.widget.ImageView0'&#xD;
&#xD;
2019-10-03 21:33:19 - [TEST_STEP][PASSED] - closeApplication(): Close app successfully&#xD;
&#xD;
2019-10-03 21:33:25 - [MESSAGE][PASSED] - Close app successfully</system-out>
            <system-err></system-err>
        </testcase>
        <testcase name="Test Cases/Mobile Recordings/User Login Test Case" classname="Test Cases/Mobile Recordings/User Login Test Case" status="PASSED">
            <system-out>2019-10-03 21:33:25 - [TEST_CASE][PASSED] - Test Cases/Mobile Recordings/User Login Test Case: Test Cases/Mobile Recordings/User Login Test Case&#xD;
&#xD;
2019-10-03 21:33:25 - [TEST_STEP][PASSED] - startApplication("G:\coding necessary items\Some APK\MaterialLoginExample.apk", true): Started app at: 'G:\coding necessary items\Some APK\MaterialLoginExample.apk'&#xD;
&#xD;
2019-10-03 21:33:29 - [MESSAGE][INFO] - Appium server started on port 53,382&#xD;
&#xD;
2019-10-03 21:33:54 - [MESSAGE][PASSED] - Started app at: 'G:\coding necessary items\Some APK\MaterialLoginExample.apk'&#xD;
&#xD;
2019-10-03 21:33:54 - [TEST_STEP][PASSED] - setText(findTestObject("Material Login/android.widget.EditText0"), uEmail, 0): Text 'user@anoather.com' has been set to element 'Object Repository/Material Login/android.widget.EditText0'&#xD;
&#xD;
2019-10-03 21:33:54 - [MESSAGE][WARNING] - Timeout '0' is invalid. Using default page load timeout: '30'&#xD;
&#xD;
2019-10-03 21:33:55 - [MESSAGE][PASSED] - Text 'user@anoather.com' has been set to element 'Object Repository/Material Login/android.widget.EditText0'&#xD;
&#xD;
2019-10-03 21:33:55 - [TEST_STEP][PASSED] - setText(findTestObject("Material Login/android.widget.EditText0 (1)"), uPassword, 0): Text 'user' has been set to element 'Object Repository/Material Login/android.widget.EditText0 (1)'&#xD;
&#xD;
2019-10-03 21:33:55 - [MESSAGE][WARNING] - Timeout '0' is invalid. Using default page load timeout: '30'&#xD;
&#xD;
2019-10-03 21:33:56 - [MESSAGE][PASSED] - Text 'user' has been set to element 'Object Repository/Material Login/android.widget.EditText0 (1)'&#xD;
&#xD;
2019-10-03 21:33:56 - [TEST_STEP][PASSED] - tap(findTestObject("Material Login/android.widget.Button0 - LOGIN"), 0): Tapped on element 'Object Repository/Material Login/android.widget.Button0 - LOGIN'&#xD;
&#xD;
2019-10-03 21:33:56 - [MESSAGE][WARNING] - Timeout '0' is invalid. Using default page load timeout: '30'&#xD;
&#xD;
2019-10-03 21:33:59 - [MESSAGE][PASSED] - Tapped on element 'Object Repository/Material Login/android.widget.Button0 - LOGIN'&#xD;
&#xD;
2019-10-03 21:33:59 - [TEST_STEP][PASSED] - tap(findTestObject("Material Login/android.widget.ImageView0"), 0): Tapped on element 'Object Repository/Material Login/android.widget.ImageView0'&#xD;
&#xD;
2019-10-03 21:33:59 - [MESSAGE][WARNING] - Timeout '0' is invalid. Using default page load timeout: '30'&#xD;
&#xD;
2019-10-03 21:34:01 - [MESSAGE][PASSED] - Tapped on element 'Object Repository/Material Login/android.widget.ImageView0'&#xD;
&#xD;
2019-10-03 21:34:01 - [TEST_STEP][PASSED] - closeApplication(): Close app successfully&#xD;
&#xD;
2019-10-03 21:34:04 - [MESSAGE][PASSED] - Close app successfully</system-out>
            <system-err></system-err>
        </testcase>
        <system-out>2019-10-03 21:32:07 - [TEST_SUITE][INCOMPLETE] - Data Driven Test Suite: null</system-out>
        <system-err>2019-10-03 21:32:07 - [TEST_SUITE][INCOMPLETE] - Data Driven Test Suite: null</system-err>
    </testsuite>
</testsuites>
